Using pre-set license
Built from '2021.3/staging' branch; Version is '2021.3.22f1 (b6c551784ba3) revision 11978065'; Using compiler version '192829333'; Build Type 'Release'
OS: 'Windows 10  (10.0.19045) 64bit Core' Language: 'el' Physical Memory: 49067 MB
BatchMode: 1, IsHumanControllingUs: 0, StartBugReporterOnCrash: 0, Is64bit: 1, IsPro: 1

COMMAND LINE ARGUMENTS:
C:\Program Files\Unity\Hub\Editor\2021.3.22f1\Editor\Unity.exe
-adb2
-batchMode
-noUpm
-name
AssetImportWorker1
-projectPath
C:/Users/PC/Desktop/My mods/CollectorCards/Unity
-logFile
Logs/AssetImportWorker1.log
-srvPort
64403
Successfully changed project path to: C:/Users/PC/Desktop/My mods/CollectorCards/Unity
C:/Users/PC/Desktop/My mods/CollectorCards/Unity
[UnityMemory] Configuration Parameters - Can be set up in boot.config
    "memorysetup-bucket-allocator-granularity=16"
    "memorysetup-bucket-allocator-bucket-count=8"
    "memorysetup-bucket-allocator-block-size=33554432"
    "memorysetup-bucket-allocator-block-count=8"
    "memorysetup-main-allocator-block-size=16777216"
    "memorysetup-thread-allocator-block-size=16777216"
    "memorysetup-gfx-main-allocator-block-size=16777216"
    "memorysetup-gfx-thread-allocator-block-size=16777216"
    "memorysetup-cache-allocator-block-size=4194304"
    "memorysetup-typetree-allocator-block-size=2097152"
    "memorysetup-profiler-bucket-allocator-granularity=16"
    "memorysetup-profiler-bucket-allocator-bucket-count=8"
    "memorysetup-profiler-bucket-allocator-block-size=33554432"
    "memorysetup-profiler-bucket-allocator-block-count=8"
    "memorysetup-profiler-allocator-block-size=16777216"
    "memorysetup-profiler-editor-allocator-block-size=1048576"
    "memorysetup-temp-allocator-size-main=16777216"
    "memorysetup-job-temp-allocator-block-size=2097152"
    "memorysetup-job-temp-allocator-block-size-background=1048576"
    "memorysetup-job-temp-allocator-reduction-small-platforms=262144"
    "memorysetup-temp-allocator-size-background-worker=32768"
    "memorysetup-temp-allocator-size-job-worker=262144"
    "memorysetup-temp-allocator-size-preload-manager=33554432"
    "memorysetup-temp-allocator-size-nav-mesh-worker=65536"
    "memorysetup-temp-allocator-size-audio-worker=65536"
    "memorysetup-temp-allocator-size-cloud-worker=32768"
    "memorysetup-temp-allocator-size-gi-baking-worker=262144"
    "memorysetup-temp-allocator-size-gfx=262144"
Player connection [42416] Host "[IP] 192.168.1.2 [Port] 0 [Flags] 2 [Guid] 498225391 [EditorId] 498225391 [Version] 1048832 [Id] WindowsEditor(7,DESKTOP-URB4F4A) [Debug] 1 [PackageName] WindowsEditor [ProjectName] Editor" joined multi-casting on [225.0.0.222:54997]...

Player connection [42416] Host "[IP] 192.168.1.2 [Port] 0 [Flags] 2 [Guid] 498225391 [EditorId] 498225391 [Version] 1048832 [Id] WindowsEditor(7,DESKTOP-URB4F4A) [Debug] 1 [PackageName] WindowsEditor [ProjectName] Editor" joined alternative multi-casting on [225.0.0.222:34997]...

Refreshing native plugins compatible for Editor in 90.50 ms, found 3 plugins.
Preloading 0 native plugins for Editor in 0.00 ms.
Initialize engine version: 2021.3.22f1 (b6c551784ba3)
[Subsystems] Discovering subsystems at path C:/Program Files/Unity/Hub/Editor/2021.3.22f1/Editor/Data/Resources/UnitySubsystems
[Subsystems] Discovering subsystems at path C:/Users/PC/Desktop/My mods/CollectorCards/Unity/Assets
GfxDevice: creating device client; threaded=0; jobified=0
Direct3D:
    Version:  Direct3D 11.0 [level 11.1]
    Renderer: NVIDIA GeForce RTX 3080 (ID=0x2206)
    Vendor:   NVIDIA
    VRAM:     10067 MB
    Driver:   31.0.15.3742
Initialize mono
Mono path[0] = 'C:/Program Files/Unity/Hub/Editor/2021.3.22f1/Editor/Data/Managed'
Mono path[1] = 'C:/Program Files/Unity/Hub/Editor/2021.3.22f1/Editor/Data/MonoBleedingEdge/lib/mono/unityjit-win32'
Mono config path = 'C:/Program Files/Unity/Hub/Editor/2021.3.22f1/Editor/Data/MonoBleedingEdge/etc'
Using monoOptions --debugger-agent=transport=dt_socket,embedding=1,server=y,suspend=n,address=127.0.0.1:56408
Begin MonoManager ReloadAssembly
Registering precompiled unity dll's ...
Register platform support module: C:/Program Files/Unity/Hub/Editor/2021.3.22f1/Editor/Data/PlaybackEngines/WebGLSupport/UnityEditor.WebGL.Extensions.dll
Register platform support module: C:/Program Files/Unity/Hub/Editor/2021.3.22f1/Editor/Data/PlaybackEngines/WindowsStandaloneSupport/UnityEditor.WindowsStandalone.Extensions.dll
Registered in 0.011279 seconds.
Native extension for WindowsStandalone target not found
Native extension for WebGL target not found
Refreshing native plugins compatible for Editor in 90.27 ms, found 3 plugins.
Preloading 0 native plugins for Editor in 0.00 ms.
Mono: successfully reloaded assembly
- Completed reload, in  0.710 seconds
Domain Reload Profiling:
	ReloadAssembly (711ms)
		BeginReloadAssembly (108ms)
			ExecutionOrderSort (0ms)
			DisableScriptedObjects (0ms)
			BackupInstance (0ms)
			ReleaseScriptingObjects (0ms)
			CreateAndSetChildDomain (1ms)
		EndReloadAssembly (481ms)
			LoadAssemblies (105ms)
			RebuildTransferFunctionScriptingTraits (0ms)
			SetupTypeCache (110ms)
			ReleaseScriptCaches (0ms)
			RebuildScriptCaches (29ms)
			SetupLoadedEditorAssemblies (293ms)
				LogAssemblyErrors (0ms)
				InitializePlatformSupportModulesInManaged (10ms)
				SetLoadedEditorAssemblies (0ms)
				RefreshPlugins (90ms)
				BeforeProcessingInitializeOnLoad (1ms)
				ProcessInitializeOnLoadAttributes (141ms)
				ProcessInitializeOnLoadMethodAttributes (50ms)
				AfterProcessingInitializeOnLoad (0ms)
				EditorAssembliesLoaded (0ms)
			ExecutionOrderSort2 (0ms)
			AwakeInstancesAfterBackupRestoration (0ms)
Platform modules already initialized, skipping
Registering precompiled user dll's ...
Registered in 0.006641 seconds.
Begin MonoManager ReloadAssembly
Symbol file LoadedFromMemory doesn't match image C:\Users\PC\Desktop\My mods\CollectorCards\Unity\Library\PackageCache\com.unity.visualscripting@1.8.0\Editor\VisualScripting.Core\Dependencies\YamlDotNet\Unity.VisualScripting.YamlDotNet.dll
Symbol file LoadedFromMemory doesn't match image C:\Users\PC\Desktop\My mods\CollectorCards\Unity\Library\PackageCache\com.unity.visualscripting@1.8.0\Editor\VisualScripting.Core\Dependencies\DotNetZip\Unity.VisualScripting.IonicZip.dll
Native extension for WindowsStandalone target not found
Native extension for WebGL target not found
Refreshing native plugins compatible for Editor in 0.44 ms, found 3 plugins.
Preloading 0 native plugins for Editor in 0.00 ms.
Mono: successfully reloaded assembly
- Completed reload, in  1.122 seconds
Domain Reload Profiling:
	ReloadAssembly (1123ms)
		BeginReloadAssembly (121ms)
			ExecutionOrderSort (0ms)
			DisableScriptedObjects (6ms)
			BackupInstance (0ms)
			ReleaseScriptingObjects (0ms)
			CreateAndSetChildDomain (18ms)
		EndReloadAssembly (878ms)
			LoadAssemblies (92ms)
			RebuildTransferFunctionScriptingTraits (0ms)
			SetupTypeCache (290ms)
			ReleaseScriptCaches (1ms)
			RebuildScriptCaches (48ms)
			SetupLoadedEditorAssemblies (419ms)
				LogAssemblyErrors (0ms)
				InitializePlatformSupportModulesInManaged (9ms)
				SetLoadedEditorAssemblies (0ms)
				RefreshPlugins (0ms)
				BeforeProcessingInitializeOnLoad (105ms)
				ProcessInitializeOnLoadAttributes (274ms)
				ProcessInitializeOnLoadMethodAttributes (20ms)
				AfterProcessingInitializeOnLoad (10ms)
				EditorAssembliesLoaded (0ms)
			ExecutionOrderSort2 (0ms)
			AwakeInstancesAfterBackupRestoration (8ms)
Platform modules already initialized, skipping
========================================================================
Worker process is ready to serve import requests
Launched and connected shader compiler UnityShaderCompiler.exe after 0.05 seconds
Refreshing native plugins compatible for Editor in 0.63 ms, found 3 plugins.
Preloading 0 native plugins for Editor in 0.00 ms.
Unloading 3540 Unused Serialized files (Serialized files now loaded: 0)
Unloading 24 unused Assets / (113.3 KB). Loaded Objects now: 4002.
Memory consumption went from 122.8 MB to 122.7 MB.
Total: 3.123800 ms (FindLiveObjects: 0.310600 ms CreateObjectMapping: 0.244400 ms MarkObjects: 2.472600 ms  DeleteObjects: 0.095300 ms)

AssetImportParameters requested are different than current active one (requested -> active):
  custom:video-decoder-ogg-theora: a1e56fd34408186e4bbccfd4996cb3dc -> 
  custom:container-muxer-webm: aa71ff27fc2769a1b78a27578f13a17b -> 
  custom:container-demuxer-webm: 4f35f7cbe854078d1ac9338744f61a02 -> 
  custom:video-encoder-webm-vp8: eb34c28f22e8b96e1ab97ce403110664 -> 
  custom:audio-encoder-webm-vorbis: bf7c407c2cedff20999df2af8eb42d56 -> 
  custom:framework-win-MediaFoundation: 216162199b28c13a410421893ffa2e32 -> 
  custom:container-demuxer-ogg: 62fdf1f143b41e24485cea50d1cbac27 -> 
  custom:video-decoder-webm-vp8: 9c59270c3fd7afecdb556c50c9e8de78 -> 
  custom:audio-decoder-ogg-vorbis: bf7c407c2cedff20999df2af8eb42d56 -> 
========================================================================
Received Import Request.
  Time since last request: 224391.744950 seconds.
  path: Assets/Prefabs/GEAR_ccCaptainCard.prefab
  artifactKey: Guid(7efd001a682593c4882f487c1c4703d1) Importer(815301076,1909f56bfc062723c751e8b465ee728b)
Start importing Assets/Prefabs/GEAR_ccCaptainCard.prefab using Guid(7efd001a682593c4882f487c1c4703d1) Importer(815301076,1909f56bfc062723c751e8b465ee728b)  -> (artifact id: 'dc5c9319d6244b4d523f3be2f37dce18') in 0.167682 seconds 
========================================================================
Received Import Request.
  Time since last request: 46.483900 seconds.
  path: Assets/Models/Textures/BearCard.png
  artifactKey: Guid(22cceca7569c5bf44955ce3053c0e6bc) Importer(815301076,1909f56bfc062723c751e8b465ee728b)
Start importing Assets/Models/Textures/BearCard.png using Guid(22cceca7569c5bf44955ce3053c0e6bc) Importer(815301076,1909f56bfc062723c751e8b465ee728b)  -> (artifact id: 'c399500bd7f73880c41058eb175d7a33') in 0.055769 seconds 
========================================================================
Received Import Request.
  Time since last request: 0.000025 seconds.
  path: Assets/Models/Textures/CaptainCard.png
  artifactKey: Guid(77faaa494903b4b4583cc4b882b5c9b4) Importer(815301076,1909f56bfc062723c751e8b465ee728b)
Start importing Assets/Models/Textures/CaptainCard.png using Guid(77faaa494903b4b4583cc4b882b5c9b4) Importer(815301076,1909f56bfc062723c751e8b465ee728b)  -> (artifact id: 'f48292013489b993208742befc2d31ec') in 0.011192 seconds 
========================================================================
Received Import Request.
  Time since last request: 0.000033 seconds.
  path: Assets/Models/Textures/OldBearCard.png
  artifactKey: Guid(a29dd1553cdd3364d85cdb7aaa78f3f8) Importer(815301076,1909f56bfc062723c751e8b465ee728b)
Start importing Assets/Models/Textures/OldBearCard.png using Guid(a29dd1553cdd3364d85cdb7aaa78f3f8) Importer(815301076,1909f56bfc062723c751e8b465ee728b)  -> (artifact id: '667e1ec1b61c3d05f7c0ebd43dd24849') in 0.009458 seconds 
========================================================================
Received Import Request.
  Time since last request: 0.000018 seconds.
  path: Assets/Models/Textures/SmokingCard.png
  artifactKey: Guid(734f5cc1db98ab146b0497cc280f4faa) Importer(815301076,1909f56bfc062723c751e8b465ee728b)
Start importing Assets/Models/Textures/SmokingCard.png using Guid(734f5cc1db98ab146b0497cc280f4faa) Importer(815301076,1909f56bfc062723c751e8b465ee728b)  -> (artifact id: 'a79452ab532e51781d4338ad76b41056') in 0.012337 seconds 
========================================================================
Received Import Request.
  Time since last request: 12.447751 seconds.
  path: Assets/Models/Materials/Card3.mat
  artifactKey: Guid(99dc37d70a437de429e9d04e0bc6a0cf) Importer(815301076,1909f56bfc062723c751e8b465ee728b)
Start importing Assets/Models/Materials/Card3.mat using Guid(99dc37d70a437de429e9d04e0bc6a0cf) Importer(815301076,1909f56bfc062723c751e8b465ee728b)  -> (artifact id: 'afe11d18f5ffc24a8a907bf681fca5c0') in 0.036711 seconds 
========================================================================
Received Import Request.
  Time since last request: 0.000020 seconds.
  path: Assets/Models/Materials/Card4.mat
  artifactKey: Guid(f011a50540e4b7d49a627a0b58498fdd) Importer(815301076,1909f56bfc062723c751e8b465ee728b)
Start importing Assets/Models/Materials/Card4.mat using Guid(f011a50540e4b7d49a627a0b58498fdd) Importer(815301076,1909f56bfc062723c751e8b465ee728b)  -> (artifact id: '915b6de8f9978f647a1b0e4069134909') in 0.057646 seconds 
========================================================================
Received Import Request.
  Time since last request: 12.360692 seconds.
  path: Assets/Models/Materials/BearCard.mat
  artifactKey: Guid(c237d26ac221dfa4f9c08d40b1dd1ac7) Importer(815301076,1909f56bfc062723c751e8b465ee728b)
Start importing Assets/Models/Materials/BearCard.mat using Guid(c237d26ac221dfa4f9c08d40b1dd1ac7) Importer(815301076,1909f56bfc062723c751e8b465ee728b)  -> (artifact id: '9fb7f43b7d0afa24b0ef753ee77563ef') in 0.012221 seconds 
========================================================================
Received Import Request.
  Time since last request: 29.540685 seconds.
  path: Assets/InventoryGridIcons/ico_ConemanCard.PNG
  artifactKey: Guid(5c20fbed09ee9d14f8f9e634b55c3400) Importer(815301076,1909f56bfc062723c751e8b465ee728b)
Start importing Assets/InventoryGridIcons/ico_ConemanCard.PNG using Guid(5c20fbed09ee9d14f8f9e634b55c3400) Importer(815301076,1909f56bfc062723c751e8b465ee728b)  -> (artifact id: 'f0f3e41c44053479c0f09a274d596868') in 0.021659 seconds 
========================================================================
Received Import Request.
  Time since last request: 0.000019 seconds.
  path: Assets/InventoryGridIcons/icoBananaCard.PNG
  artifactKey: Guid(ad64cc6e318549247b73ba6052bb9f74) Importer(815301076,1909f56bfc062723c751e8b465ee728b)
Start importing Assets/InventoryGridIcons/icoBananaCard.PNG using Guid(ad64cc6e318549247b73ba6052bb9f74) Importer(815301076,1909f56bfc062723c751e8b465ee728b)  -> (artifact id: '11916f30c50c1c94625e300c2f74ae96') in 0.013057 seconds 
========================================================================
Received Import Request.
  Time since last request: 0.000030 seconds.
  path: Assets/InventoryGridIcons/ico_RifleCard.PNG
  artifactKey: Guid(4af0d71c02e0d3647a4701837d2207d0) Importer(815301076,1909f56bfc062723c751e8b465ee728b)
Start importing Assets/InventoryGridIcons/ico_RifleCard.PNG using Guid(4af0d71c02e0d3647a4701837d2207d0) Importer(815301076,1909f56bfc062723c751e8b465ee728b)  -> (artifact id: 'ca06048834a9d2c0766f6b99836d017c') in 0.013567 seconds 
========================================================================
Received Import Request.
  Time since last request: 0.000021 seconds.
  path: Assets/InventoryGridIcons/ico_DarkwalkerCard.PNG
  artifactKey: Guid(0b42783521581a0499c4265b2bdd7192) Importer(815301076,1909f56bfc062723c751e8b465ee728b)
Start importing Assets/InventoryGridIcons/ico_DarkwalkerCard.PNG using Guid(0b42783521581a0499c4265b2bdd7192) Importer(815301076,1909f56bfc062723c751e8b465ee728b)  -> (artifact id: '4b73c92ab93d4d1191dfec92899a8ae7') in 0.010807 seconds 
========================================================================
Received Import Request.
  Time since last request: 7.167631 seconds.
  path: Assets/Prefabs/GEAR_ccCaptainCard.prefab
  artifactKey: Guid(7efd001a682593c4882f487c1c4703d1) Importer(815301076,1909f56bfc062723c751e8b465ee728b)
Start importing Assets/Prefabs/GEAR_ccCaptainCard.prefab using Guid(7efd001a682593c4882f487c1c4703d1) Importer(815301076,1909f56bfc062723c751e8b465ee728b)  -> (artifact id: '8426b7a56a98772f556e489492e762aa') in 0.007936 seconds 
========================================================================
Received Import Request.
  Time since last request: 0.000019 seconds.
  path: Assets/Prefabs/GEAR_TKGSmokingCard.prefab
  artifactKey: Guid(c934d6cecdfed0d4d8b539592af7811e) Importer(815301076,1909f56bfc062723c751e8b465ee728b)
Start importing Assets/Prefabs/GEAR_TKGSmokingCard.prefab using Guid(c934d6cecdfed0d4d8b539592af7811e) Importer(815301076,1909f56bfc062723c751e8b465ee728b)  -> (artifact id: '105c3f5fdf7490ebde904feb069681ea') in 0.010858 seconds 
========================================================================
Received Import Request.
  Time since last request: 0.000017 seconds.
  path: Assets/Prefabs/GEAR_TKGBearCard.prefab
  artifactKey: Guid(be2abd146e151644bba16d9e38612379) Importer(815301076,1909f56bfc062723c751e8b465ee728b)
Start importing Assets/Prefabs/GEAR_TKGBearCard.prefab using Guid(be2abd146e151644bba16d9e38612379) Importer(815301076,1909f56bfc062723c751e8b465ee728b)  -> (artifact id: '875a8226404a2e5d0426257ba340a77d') in 0.012429 seconds 
========================================================================
Received Import Request.
  Time since last request: 0.000015 seconds.
  path: Assets/Prefabs/GEAR_ccTLDevCard.prefab
  artifactKey: Guid(e59261c230d690646bf8cbf924d4eb97) Importer(815301076,1909f56bfc062723c751e8b465ee728b)
Start importing Assets/Prefabs/GEAR_ccTLDevCard.prefab using Guid(e59261c230d690646bf8cbf924d4eb97) Importer(815301076,1909f56bfc062723c751e8b465ee728b)  -> (artifact id: '517a98bcbb8cdcbca5de1af820ef8a62') in 0.019346 seconds 
Editor requested this worker to shutdown with reason: Scaling down because of idle timeout
AssetImportWorker is now disconnected from the server
Process exiting
Exiting without the bug reporter. Application will terminate with return code 0