Using pre-set license
Built from '2021.3/staging' branch; Version is '2021.3.22f1 (b6c551784ba3) revision 11978065'; Using compiler version '192829333'; Build Type 'Release'
OS: 'Windows 10  (10.0.19045) 64bit Core' Language: 'el' Physical Memory: 49067 MB
BatchMode: 1, IsHumanControllingUs: 0, StartBugReporterOnCrash: 0, Is64bit: 1, IsPro: 1

COMMAND LINE ARGUMENTS:
C:\Program Files\Unity\Hub\Editor\2021.3.22f1\Editor\Unity.exe
-adb2
-batchMode
-noUpm
-name
AssetImportWorker4
-projectPath
C:/Users/PC/Desktop/My mods/CollectorCards/Unity
-logFile
Logs/AssetImportWorker4.log
-srvPort
64403
Successfully changed project path to: C:/Users/PC/Desktop/My mods/CollectorCards/Unity
C:/Users/PC/Desktop/My mods/CollectorCards/Unity
[UnityMemory] Configuration Parameters - Can be set up in boot.config
    "memorysetup-bucket-allocator-granularity=16"
    "memorysetup-bucket-allocator-bucket-count=8"
    "memorysetup-bucket-allocator-block-size=33554432"
    "memorysetup-bucket-allocator-block-count=8"
    "memorysetup-main-allocator-block-size=16777216"
    "memorysetup-thread-allocator-block-size=16777216"
    "memorysetup-gfx-main-allocator-block-size=16777216"
    "memorysetup-gfx-thread-allocator-block-size=16777216"
    "memorysetup-cache-allocator-block-size=4194304"
    "memorysetup-typetree-allocator-block-size=2097152"
    "memorysetup-profiler-bucket-allocator-granularity=16"
    "memorysetup-profiler-bucket-allocator-bucket-count=8"
    "memorysetup-profiler-bucket-allocator-block-size=33554432"
    "memorysetup-profiler-bucket-allocator-block-count=8"
    "memorysetup-profiler-allocator-block-size=16777216"
    "memorysetup-profiler-editor-allocator-block-size=1048576"
    "memorysetup-temp-allocator-size-main=16777216"
    "memorysetup-job-temp-allocator-block-size=2097152"
    "memorysetup-job-temp-allocator-block-size-background=1048576"
    "memorysetup-job-temp-allocator-reduction-small-platforms=262144"
    "memorysetup-temp-allocator-size-background-worker=32768"
    "memorysetup-temp-allocator-size-job-worker=262144"
    "memorysetup-temp-allocator-size-preload-manager=33554432"
    "memorysetup-temp-allocator-size-nav-mesh-worker=65536"
    "memorysetup-temp-allocator-size-audio-worker=65536"
    "memorysetup-temp-allocator-size-cloud-worker=32768"
    "memorysetup-temp-allocator-size-gi-baking-worker=262144"
    "memorysetup-temp-allocator-size-gfx=262144"
Player connection [6784] Host "[IP] 192.168.1.2 [Port] 0 [Flags] 2 [Guid] 3778905813 [EditorId] 3778905813 [Version] 1048832 [Id] WindowsEditor(7,DESKTOP-URB4F4A) [Debug] 1 [PackageName] WindowsEditor [ProjectName] Editor" joined multi-casting on [225.0.0.222:54997]...

Player connection [6784] Host "[IP] 192.168.1.2 [Port] 0 [Flags] 2 [Guid] 3778905813 [EditorId] 3778905813 [Version] 1048832 [Id] WindowsEditor(7,DESKTOP-URB4F4A) [Debug] 1 [PackageName] WindowsEditor [ProjectName] Editor" joined alternative multi-casting on [225.0.0.222:34997]...

Refreshing native plugins compatible for Editor in 85.78 ms, found 3 plugins.
Preloading 0 native plugins for Editor in 0.00 ms.
Initialize engine version: 2021.3.22f1 (b6c551784ba3)
[Subsystems] Discovering subsystems at path C:/Program Files/Unity/Hub/Editor/2021.3.22f1/Editor/Data/Resources/UnitySubsystems
[Subsystems] Discovering subsystems at path C:/Users/PC/Desktop/My mods/CollectorCards/Unity/Assets
GfxDevice: creating device client; threaded=0; jobified=0
Direct3D:
    Version:  Direct3D 11.0 [level 11.1]
    Renderer: NVIDIA GeForce RTX 3080 (ID=0x2206)
    Vendor:   NVIDIA
    VRAM:     10067 MB
    Driver:   31.0.15.3742
Initialize mono
Mono path[0] = 'C:/Program Files/Unity/Hub/Editor/2021.3.22f1/Editor/Data/Managed'
Mono path[1] = 'C:/Program Files/Unity/Hub/Editor/2021.3.22f1/Editor/Data/MonoBleedingEdge/lib/mono/unityjit-win32'
Mono config path = 'C:/Program Files/Unity/Hub/Editor/2021.3.22f1/Editor/Data/MonoBleedingEdge/etc'
Using monoOptions --debugger-agent=transport=dt_socket,embedding=1,server=y,suspend=n,address=127.0.0.1:56904
Begin MonoManager ReloadAssembly
Registering precompiled unity dll's ...
Register platform support module: C:/Program Files/Unity/Hub/Editor/2021.3.22f1/Editor/Data/PlaybackEngines/WebGLSupport/UnityEditor.WebGL.Extensions.dll
Register platform support module: C:/Program Files/Unity/Hub/Editor/2021.3.22f1/Editor/Data/PlaybackEngines/WindowsStandaloneSupport/UnityEditor.WindowsStandalone.Extensions.dll
Registered in 0.010622 seconds.
Native extension for WindowsStandalone target not found
Native extension for WebGL target not found
Refreshing native plugins compatible for Editor in 88.73 ms, found 3 plugins.
Preloading 0 native plugins for Editor in 0.00 ms.
Mono: successfully reloaded assembly
- Completed reload, in  0.643 seconds
Domain Reload Profiling:
	ReloadAssembly (643ms)
		BeginReloadAssembly (86ms)
			ExecutionOrderSort (0ms)
			DisableScriptedObjects (0ms)
			BackupInstance (0ms)
			ReleaseScriptingObjects (0ms)
			CreateAndSetChildDomain (1ms)
		EndReloadAssembly (454ms)
			LoadAssemblies (84ms)
			RebuildTransferFunctionScriptingTraits (0ms)
			SetupTypeCache (108ms)
			ReleaseScriptCaches (0ms)
			RebuildScriptCaches (28ms)
			SetupLoadedEditorAssemblies (268ms)
				LogAssemblyErrors (0ms)
				InitializePlatformSupportModulesInManaged (10ms)
				SetLoadedEditorAssemblies (0ms)
				RefreshPlugins (89ms)
				BeforeProcessingInitializeOnLoad (1ms)
				ProcessInitializeOnLoadAttributes (127ms)
				ProcessInitializeOnLoadMethodAttributes (41ms)
				AfterProcessingInitializeOnLoad (0ms)
				EditorAssembliesLoaded (0ms)
			ExecutionOrderSort2 (0ms)
			AwakeInstancesAfterBackupRestoration (0ms)
Platform modules already initialized, skipping
Registering precompiled user dll's ...
Registered in 0.006195 seconds.
Begin MonoManager ReloadAssembly
Symbol file LoadedFromMemory doesn't match image C:\Users\PC\Desktop\My mods\CollectorCards\Unity\Library\PackageCache\com.unity.visualscripting@1.8.0\Editor\VisualScripting.Core\Dependencies\YamlDotNet\Unity.VisualScripting.YamlDotNet.dll
Symbol file LoadedFromMemory doesn't match image C:\Users\PC\Desktop\My mods\CollectorCards\Unity\Library\PackageCache\com.unity.visualscripting@1.8.0\Editor\VisualScripting.Core\Dependencies\DotNetZip\Unity.VisualScripting.IonicZip.dll
Native extension for WindowsStandalone target not found
Native extension for WebGL target not found
Refreshing native plugins compatible for Editor in 0.47 ms, found 3 plugins.
Preloading 0 native plugins for Editor in 0.00 ms.
Mono: successfully reloaded assembly
- Completed reload, in  1.015 seconds
Domain Reload Profiling:
	ReloadAssembly (1016ms)
		BeginReloadAssembly (121ms)
			ExecutionOrderSort (0ms)
			DisableScriptedObjects (5ms)
			BackupInstance (0ms)
			ReleaseScriptingObjects (0ms)
			CreateAndSetChildDomain (17ms)
		EndReloadAssembly (790ms)
			LoadAssemblies (90ms)
			RebuildTransferFunctionScriptingTraits (0ms)
			SetupTypeCache (251ms)
			ReleaseScriptCaches (1ms)
			RebuildScriptCaches (46ms)
			SetupLoadedEditorAssemblies (383ms)
				LogAssemblyErrors (0ms)
				InitializePlatformSupportModulesInManaged (8ms)
				SetLoadedEditorAssemblies (0ms)
				RefreshPlugins (1ms)
				BeforeProcessingInitializeOnLoad (94ms)
				ProcessInitializeOnLoadAttributes (249ms)
				ProcessInitializeOnLoadMethodAttributes (20ms)
				AfterProcessingInitializeOnLoad (10ms)
				EditorAssembliesLoaded (0ms)
			ExecutionOrderSort2 (0ms)
			AwakeInstancesAfterBackupRestoration (6ms)
Platform modules already initialized, skipping
========================================================================
Worker process is ready to serve import requests
Launched and connected shader compiler UnityShaderCompiler.exe after 0.04 seconds
Refreshing native plugins compatible for Editor in 0.46 ms, found 3 plugins.
Preloading 0 native plugins for Editor in 0.00 ms.
Unloading 3540 Unused Serialized files (Serialized files now loaded: 0)
Unloading 24 unused Assets / (113.3 KB). Loaded Objects now: 4002.
Memory consumption went from 122.9 MB to 122.8 MB.
Total: 2.889300 ms (FindLiveObjects: 0.253600 ms CreateObjectMapping: 0.155900 ms MarkObjects: 2.393000 ms  DeleteObjects: 0.086000 ms)

AssetImportParameters requested are different than current active one (requested -> active):
  custom:video-decoder-ogg-theora: a1e56fd34408186e4bbccfd4996cb3dc -> 
  custom:container-muxer-webm: aa71ff27fc2769a1b78a27578f13a17b -> 
  custom:container-demuxer-webm: 4f35f7cbe854078d1ac9338744f61a02 -> 
  custom:video-encoder-webm-vp8: eb34c28f22e8b96e1ab97ce403110664 -> 
  custom:audio-encoder-webm-vorbis: bf7c407c2cedff20999df2af8eb42d56 -> 
  custom:framework-win-MediaFoundation: 216162199b28c13a410421893ffa2e32 -> 
  custom:container-demuxer-ogg: 62fdf1f143b41e24485cea50d1cbac27 -> 
  custom:video-decoder-webm-vp8: 9c59270c3fd7afecdb556c50c9e8de78 -> 
  custom:audio-decoder-ogg-vorbis: bf7c407c2cedff20999df2af8eb42d56 -> 
========================================================================
Received Import Request.
  Time since last request: 225307.370645 seconds.
  path: Assets/Prefabs/GEAR_ccBananaCard.prefab
  artifactKey: Guid(17b8525dea952c44eb7ee2ce4ac81dce) Importer(815301076,1909f56bfc062723c751e8b465ee728b)
Start importing Assets/Prefabs/GEAR_ccBananaCard.prefab using Guid(17b8525dea952c44eb7ee2ce4ac81dce) Importer(815301076,1909f56bfc062723c751e8b465ee728b)  -> (artifact id: '406917c973070c5d57dfc9c2667cdcb6') in 0.144387 seconds 
========================================================================
Received Import Request.
  Time since last request: 0.000017 seconds.
  path: Assets/Prefabs/GEAR_ccRifleCard.prefab
  artifactKey: Guid(f64f1e58fd1443249b23450da24f4c4e) Importer(815301076,1909f56bfc062723c751e8b465ee728b)
Start importing Assets/Prefabs/GEAR_ccRifleCard.prefab using Guid(f64f1e58fd1443249b23450da24f4c4e) Importer(815301076,1909f56bfc062723c751e8b465ee728b)  -> (artifact id: '06ede325b3cdfe862871a8bcd265cab9') in 0.012946 seconds 
========================================================================
Received Import Request.
  Time since last request: 0.000035 seconds.
  path: Assets/Prefabs/GEAR_ccTLDevCard.prefab
  artifactKey: Guid(e59261c230d690646bf8cbf924d4eb97) Importer(815301076,1909f56bfc062723c751e8b465ee728b)
Start importing Assets/Prefabs/GEAR_ccTLDevCard.prefab using Guid(e59261c230d690646bf8cbf924d4eb97) Importer(815301076,1909f56bfc062723c751e8b465ee728b)  -> (artifact id: 'd04bb3d4cd693f578432d63c75b89c89') in 0.010064 seconds 
========================================================================
Received Import Request.
  Time since last request: 0.000023 seconds.
  path: Assets/Prefabs/GEAR_ccConemanCard.prefab
  artifactKey: Guid(9bb8d9853119d5d4cb6a01da7ae4bd0e) Importer(815301076,1909f56bfc062723c751e8b465ee728b)
Start importing Assets/Prefabs/GEAR_ccConemanCard.prefab using Guid(9bb8d9853119d5d4cb6a01da7ae4bd0e) Importer(815301076,1909f56bfc062723c751e8b465ee728b)  -> (artifact id: 'b9322dc338fd5aff253198332bedb234') in 0.013342 seconds 
========================================================================
Received Import Request.
  Time since last request: 370.593016 seconds.
  path: Assets/InventoryGridIcons/ico_CaptainCard.PNG
  artifactKey: Guid(bcb87299b00ff744a924035046990670) Importer(815301076,1909f56bfc062723c751e8b465ee728b)
Start importing Assets/InventoryGridIcons/ico_CaptainCard.PNG using Guid(bcb87299b00ff744a924035046990670) Importer(815301076,1909f56bfc062723c751e8b465ee728b)  -> (artifact id: '67426299370902aa20e6e7200ed5b7c1') in 0.044895 seconds 
========================================================================
Received Import Request.
  Time since last request: 43.677948 seconds.
  path: Assets/InventoryGridIcons/ico_ccBearCard.PNG
  artifactKey: Guid(e936ee9d269ebbc4891b0ba1563bb174) Importer(815301076,1909f56bfc062723c751e8b465ee728b)
Start importing Assets/InventoryGridIcons/ico_ccBearCard.PNG using Guid(e936ee9d269ebbc4891b0ba1563bb174) Importer(815301076,1909f56bfc062723c751e8b465ee728b)  -> (artifact id: '2ba7e05fea79ded5df0d2816042b5e29') in 0.013567 seconds 
========================================================================
Received Import Request.
  Time since last request: 5.836604 seconds.
  path: Assets/InventoryGridIcons/ico_ccCaptainCard.PNG
  artifactKey: Guid(bcb87299b00ff744a924035046990670) Importer(815301076,1909f56bfc062723c751e8b465ee728b)
Start importing Assets/InventoryGridIcons/ico_ccCaptainCard.PNG using Guid(bcb87299b00ff744a924035046990670) Importer(815301076,1909f56bfc062723c751e8b465ee728b)  -> (artifact id: '0fd4b869e08c21458fe4a5ecc49e800d') in 0.010192 seconds 
========================================================================
Received Import Request.
  Time since last request: 17.831013 seconds.
  path: Assets/InventoryGridIcons/ico_ccConemanCard.PNG
  artifactKey: Guid(5c20fbed09ee9d14f8f9e634b55c3400) Importer(815301076,1909f56bfc062723c751e8b465ee728b)
Start importing Assets/InventoryGridIcons/ico_ccConemanCard.PNG using Guid(5c20fbed09ee9d14f8f9e634b55c3400) Importer(815301076,1909f56bfc062723c751e8b465ee728b)  -> (artifact id: '0bbabf81ad2680c7886de2877d481caf') in 0.008856 seconds 
========================================================================
Received Import Request.
  Time since last request: 3.997619 seconds.
  path: Assets/InventoryGridIcons/ico_ccDarkwalkerCard.PNG
  artifactKey: Guid(0b42783521581a0499c4265b2bdd7192) Importer(815301076,1909f56bfc062723c751e8b465ee728b)
Start importing Assets/InventoryGridIcons/ico_ccDarkwalkerCard.PNG using Guid(0b42783521581a0499c4265b2bdd7192) Importer(815301076,1909f56bfc062723c751e8b465ee728b)  -> (artifact id: '0313fe3143544e501f0d2ad3fff53e3c') in 0.009233 seconds 
========================================================================
Received Import Request.
  Time since last request: 9.335550 seconds.
  path: Assets/InventoryGridIcons/ico_ccDarkwalkerFoilCard.PNG
  artifactKey: Guid(62baf5c58a139554c961ef1d82e0228a) Importer(815301076,1909f56bfc062723c751e8b465ee728b)
Start importing Assets/InventoryGridIcons/ico_ccDarkwalkerFoilCard.PNG using Guid(62baf5c58a139554c961ef1d82e0228a) Importer(815301076,1909f56bfc062723c751e8b465ee728b)  -> (artifact id: '85c6556f11433eaa901573810eb66f5b') in 0.013450 seconds 
========================================================================
Received Import Request.
  Time since last request: 329.352305 seconds.
  path: Assets/InventoryGridIcons/ico_ccOldBearCard.PNG
  artifactKey: Guid(2ad04ca6d7cf384428f577bc1683bf0d) Importer(815301076,1909f56bfc062723c751e8b465ee728b)
Start importing Assets/InventoryGridIcons/ico_ccOldBearCard.PNG using Guid(2ad04ca6d7cf384428f577bc1683bf0d) Importer(815301076,1909f56bfc062723c751e8b465ee728b)  -> (artifact id: '80c8e810b8196c663bbd2a3231a5c3fb') in 0.010209 seconds 
========================================================================
Received Import Request.
  Time since last request: 7.655814 seconds.
  path: Assets/InventoryGridIcons/ico_ccPumpkinSoupCard.PNG
  artifactKey: Guid(acc548950120ec1499310cf909e7ab93) Importer(815301076,1909f56bfc062723c751e8b465ee728b)
Start importing Assets/InventoryGridIcons/ico_ccPumpkinSoupCard.PNG using Guid(acc548950120ec1499310cf909e7ab93) Importer(815301076,1909f56bfc062723c751e8b465ee728b)  -> (artifact id: 'd9460d213ff9bb294b38b526e10c628a') in 0.011312 seconds 
========================================================================
Received Import Request.
  Time since last request: 7.311563 seconds.
  path: Assets/InventoryGridIcons/ico_ccRifleCard.PNG
  artifactKey: Guid(4af0d71c02e0d3647a4701837d2207d0) Importer(815301076,1909f56bfc062723c751e8b465ee728b)
Start importing Assets/InventoryGridIcons/ico_ccRifleCard.PNG using Guid(4af0d71c02e0d3647a4701837d2207d0) Importer(815301076,1909f56bfc062723c751e8b465ee728b)  -> (artifact id: 'b9657fed460d71916cad366a594e6f82') in 0.015588 seconds 
========================================================================
Received Import Request.
  Time since last request: 5.753826 seconds.
  path: Assets/InventoryGridIcons/ico_ccSmokingCard.PNG
  artifactKey: Guid(88a08c7af9e55fd4aaad8a25143a51f8) Importer(815301076,1909f56bfc062723c751e8b465ee728b)
Start importing Assets/InventoryGridIcons/ico_ccSmokingCard.PNG using Guid(88a08c7af9e55fd4aaad8a25143a51f8) Importer(815301076,1909f56bfc062723c751e8b465ee728b)  -> (artifact id: '6adc1259bd2a5efe6c537c56932beb35') in 0.008888 seconds 
========================================================================
Received Import Request.
  Time since last request: 5.506802 seconds.
  path: Assets/InventoryGridIcons/ico_ccTLDevCard.PNG
  artifactKey: Guid(a8d87f20ffcfcd14ebcb5f1ee29e8c2a) Importer(815301076,1909f56bfc062723c751e8b465ee728b)
Start importing Assets/InventoryGridIcons/ico_ccTLDevCard.PNG using Guid(a8d87f20ffcfcd14ebcb5f1ee29e8c2a) Importer(815301076,1909f56bfc062723c751e8b465ee728b)  -> (artifact id: 'ec14d6ab6e470cc271f0bad0a06bffbe') in 0.009287 seconds 
========================================================================
Received Import Request.
  Time since last request: 17.226489 seconds.
  path: Assets/InventoryGridIcons/ico_ccBananaCard.PNG
  artifactKey: Guid(ad64cc6e318549247b73ba6052bb9f74) Importer(815301076,1909f56bfc062723c751e8b465ee728b)
Start importing Assets/InventoryGridIcons/ico_ccBananaCard.PNG using Guid(ad64cc6e318549247b73ba6052bb9f74) Importer(815301076,1909f56bfc062723c751e8b465ee728b)  -> (artifact id: '3eecf2ed0b946bd99823a8501c6d78ea') in 0.013179 seconds 
========================================================================
Received Import Request.
  Time since last request: 6.803679 seconds.
  path: Assets/InventoryGridIcons/ico_ccBananaFoilCard.PNG
  artifactKey: Guid(760e9de2119a36a4d8e8c511aa460e46) Importer(815301076,1909f56bfc062723c751e8b465ee728b)
Start importing Assets/InventoryGridIcons/ico_ccBananaFoilCard.PNG using Guid(760e9de2119a36a4d8e8c511aa460e46) Importer(815301076,1909f56bfc062723c751e8b465ee728b)  -> (artifact id: '21b1c8c0af5a79a1f6dc466f04f52f68') in 0.011790 seconds 
========================================================================
Received Import Request.
  Time since last request: 88.836184 seconds.
  path: Assets/InventoryGridIcons/ico_GearItem__ccBananaCard.PNG
  artifactKey: Guid(ad64cc6e318549247b73ba6052bb9f74) Importer(815301076,1909f56bfc062723c751e8b465ee728b)
Start importing Assets/InventoryGridIcons/ico_GearItem__ccBananaCard.PNG using Guid(ad64cc6e318549247b73ba6052bb9f74) Importer(815301076,1909f56bfc062723c751e8b465ee728b)  -> (artifact id: '8124ce6a95aa788a9c2255d28fe2e82e') in 0.011000 seconds 
========================================================================
Received Import Request.
  Time since last request: 16.914753 seconds.
  path: Assets/InventoryGridIcons/ico_GearItem__ccTLDevCard.PNG
  artifactKey: Guid(a8d87f20ffcfcd14ebcb5f1ee29e8c2a) Importer(815301076,1909f56bfc062723c751e8b465ee728b)
Start importing Assets/InventoryGridIcons/ico_GearItem__ccTLDevCard.PNG using Guid(a8d87f20ffcfcd14ebcb5f1ee29e8c2a) Importer(815301076,1909f56bfc062723c751e8b465ee728b)  -> (artifact id: 'fbe22d1c13aa192b02f408c7c9817e44') in 0.009346 seconds 
========================================================================
Received Import Request.
  Time since last request: 15.654659 seconds.
  path: Assets/InventoryGridIcons/ico_GearItem__ccSmokingCard.PNG
  artifactKey: Guid(88a08c7af9e55fd4aaad8a25143a51f8) Importer(815301076,1909f56bfc062723c751e8b465ee728b)
Start importing Assets/InventoryGridIcons/ico_GearItem__ccSmokingCard.PNG using Guid(88a08c7af9e55fd4aaad8a25143a51f8) Importer(815301076,1909f56bfc062723c751e8b465ee728b)  -> (artifact id: 'd5d29422efcabd11ae2a9ab3c66e6d7b') in 0.012524 seconds 
========================================================================
Received Import Request.
  Time since last request: 4.585401 seconds.
  path: Assets/InventoryGridIcons/ico_GearItem__ccRifleCard.PNG
  artifactKey: Guid(4af0d71c02e0d3647a4701837d2207d0) Importer(815301076,1909f56bfc062723c751e8b465ee728b)
Start importing Assets/InventoryGridIcons/ico_GearItem__ccRifleCard.PNG using Guid(4af0d71c02e0d3647a4701837d2207d0) Importer(815301076,1909f56bfc062723c751e8b465ee728b)  -> (artifact id: '84aa1d83ab7502fe80faeb7957ea531c') in 0.008683 seconds 
========================================================================
Received Import Request.
  Time since last request: 3.773974 seconds.
  path: Assets/InventoryGridIcons/ico_GearItem__ccPumpkinSoupCard.PNG
  artifactKey: Guid(acc548950120ec1499310cf909e7ab93) Importer(815301076,1909f56bfc062723c751e8b465ee728b)
Start importing Assets/InventoryGridIcons/ico_GearItem__ccPumpkinSoupCard.PNG using Guid(acc548950120ec1499310cf909e7ab93) Importer(815301076,1909f56bfc062723c751e8b465ee728b)  -> (artifact id: 'b8cd8cdac333b568362ab2430fc7b881') in 0.032758 seconds 
========================================================================
Received Import Request.
  Time since last request: 4.229010 seconds.
  path: Assets/InventoryGridIcons/ico_GearItem__ccOldBearCard.PNG
  artifactKey: Guid(2ad04ca6d7cf384428f577bc1683bf0d) Importer(815301076,1909f56bfc062723c751e8b465ee728b)
Start importing Assets/InventoryGridIcons/ico_GearItem__ccOldBearCard.PNG using Guid(2ad04ca6d7cf384428f577bc1683bf0d) Importer(815301076,1909f56bfc062723c751e8b465ee728b)  -> (artifact id: '20e8221e556939f2917bf9986db01e0e') in 0.013349 seconds 
========================================================================
Received Import Request.
  Time since last request: 3.310833 seconds.
  path: Assets/InventoryGridIcons/ico_GearItem__ccDarkwalkerFoilCard.PNG
  artifactKey: Guid(62baf5c58a139554c961ef1d82e0228a) Importer(815301076,1909f56bfc062723c751e8b465ee728b)
Start importing Assets/InventoryGridIcons/ico_GearItem__ccDarkwalkerFoilCard.PNG using Guid(62baf5c58a139554c961ef1d82e0228a) Importer(815301076,1909f56bfc062723c751e8b465ee728b)  -> (artifact id: '14daa71008c0f040c13738f4e302ec5c') in 0.008937 seconds 
========================================================================
Received Import Request.
  Time since last request: 4.081334 seconds.
  path: Assets/InventoryGridIcons/ico_GearItem__ccDarkwalkerCard.PNG
  artifactKey: Guid(0b42783521581a0499c4265b2bdd7192) Importer(815301076,1909f56bfc062723c751e8b465ee728b)
Start importing Assets/InventoryGridIcons/ico_GearItem__ccDarkwalkerCard.PNG using Guid(0b42783521581a0499c4265b2bdd7192) Importer(815301076,1909f56bfc062723c751e8b465ee728b)  -> (artifact id: 'bd1f1e3537711f3baa20fbacfd71d51d') in 0.008864 seconds 
========================================================================
Received Import Request.
  Time since last request: 3.397588 seconds.
  path: Assets/InventoryGridIcons/ico_GearItem__ccConemanCard.PNG
  artifactKey: Guid(5c20fbed09ee9d14f8f9e634b55c3400) Importer(815301076,1909f56bfc062723c751e8b465ee728b)
Start importing Assets/InventoryGridIcons/ico_GearItem__ccConemanCard.PNG using Guid(5c20fbed09ee9d14f8f9e634b55c3400) Importer(815301076,1909f56bfc062723c751e8b465ee728b)  -> (artifact id: 'ec1447df2df4149d2de819d508990e93') in 0.013817 seconds 
========================================================================
Received Import Request.
  Time since last request: 3.063108 seconds.
  path: Assets/InventoryGridIcons/ico_GearItem__ccCaptainCard.PNG
  artifactKey: Guid(bcb87299b00ff744a924035046990670) Importer(815301076,1909f56bfc062723c751e8b465ee728b)
Start importing Assets/InventoryGridIcons/ico_GearItem__ccCaptainCard.PNG using Guid(bcb87299b00ff744a924035046990670) Importer(815301076,1909f56bfc062723c751e8b465ee728b)  -> (artifact id: 'cbfd5a26afa881b76ccbeaa71e9f79a6') in 0.008655 seconds 
========================================================================
Received Import Request.
  Time since last request: 2.905015 seconds.
  path: Assets/InventoryGridIcons/ico_GearItem__ccBearCard.PNG
  artifactKey: Guid(e936ee9d269ebbc4891b0ba1563bb174) Importer(815301076,1909f56bfc062723c751e8b465ee728b)
Start importing Assets/InventoryGridIcons/ico_GearItem__ccBearCard.PNG using Guid(e936ee9d269ebbc4891b0ba1563bb174) Importer(815301076,1909f56bfc062723c751e8b465ee728b)  -> (artifact id: 'a2550677e22dc88dc8c71ad55809b5b6') in 0.008972 seconds 
========================================================================
Received Import Request.
  Time since last request: 3.203885 seconds.
  path: Assets/InventoryGridIcons/ico_GearItem__ccBananaFoilCard.PNG
  artifactKey: Guid(760e9de2119a36a4d8e8c511aa460e46) Importer(815301076,1909f56bfc062723c751e8b465ee728b)
Start importing Assets/InventoryGridIcons/ico_GearItem__ccBananaFoilCard.PNG using Guid(760e9de2119a36a4d8e8c511aa460e46) Importer(815301076,1909f56bfc062723c751e8b465ee728b)  -> (artifact id: 'c4a30178fc11faef8671b873eb1d6f57') in 0.008671 seconds 
========================================================================
Received Import Request.
  Time since last request: 252.791682 seconds.
  path: Assets/Prefabs/GEAR_ccBananaCard.prefab
  artifactKey: Guid(17b8525dea952c44eb7ee2ce4ac81dce) Importer(815301076,1909f56bfc062723c751e8b465ee728b)
Start importing Assets/Prefabs/GEAR_ccBananaCard.prefab using Guid(17b8525dea952c44eb7ee2ce4ac81dce) Importer(815301076,1909f56bfc062723c751e8b465ee728b)  -> (artifact id: '7ec5b877005ebf6febba290d606ae12e') in 0.008971 seconds 
========================================================================
Received Import Request.
  Time since last request: 29.503598 seconds.
  path: Assets/Models/Materials/BananaCard.mat
  artifactKey: Guid(3e0401cb8725b2640bf328de6c9531d5) Importer(815301076,1909f56bfc062723c751e8b465ee728b)
Start importing Assets/Models/Materials/BananaCard.mat using Guid(3e0401cb8725b2640bf328de6c9531d5) Importer(815301076,1909f56bfc062723c751e8b465ee728b)  -> (artifact id: '8fbb9f83d21b9fc214e61f9d139fa8b1') in 0.027928 seconds 
========================================================================
Received Import Request.
  Time since last request: 0.000018 seconds.
  path: Assets/Models/Materials/RifleCard.mat
  artifactKey: Guid(bc6127f6ba29c614186de18d3c763533) Importer(815301076,1909f56bfc062723c751e8b465ee728b)
Start importing Assets/Models/Materials/RifleCard.mat using Guid(bc6127f6ba29c614186de18d3c763533) Importer(815301076,1909f56bfc062723c751e8b465ee728b)  -> (artifact id: '03104e75a425c211974c04ae9ced7d1b') in 0.007878 seconds 
========================================================================
Received Import Request.
  Time since last request: 0.000029 seconds.
  path: Assets/Models/Materials/OldBearCard.mat
  artifactKey: Guid(9f5826ecea447f848915565f53c2d242) Importer(815301076,1909f56bfc062723c751e8b465ee728b)
Start importing Assets/Models/Materials/OldBearCard.mat using Guid(9f5826ecea447f848915565f53c2d242) Importer(815301076,1909f56bfc062723c751e8b465ee728b)  -> (artifact id: '43d5fee670f5efec58eabe29b71cda60') in 0.008878 seconds 
========================================================================
Received Import Request.
  Time since last request: 0.000035 seconds.
  path: Assets/Models/Materials/SmokingCard.mat
  artifactKey: Guid(d1d4d74f557cde64f9140938cb03a08a) Importer(815301076,1909f56bfc062723c751e8b465ee728b)
Start importing Assets/Models/Materials/SmokingCard.mat using Guid(d1d4d74f557cde64f9140938cb03a08a) Importer(815301076,1909f56bfc062723c751e8b465ee728b)  -> (artifact id: '647757d1190e496f36ecbc01e971885c') in 0.006704 seconds 
========================================================================
Received Import Request.
  Time since last request: 0.000027 seconds.
  path: Assets/Models/Materials/PumpkinSoup.mat
  artifactKey: Guid(2509116c685ee344da87ec569825fcc6) Importer(815301076,1909f56bfc062723c751e8b465ee728b)
Start importing Assets/Models/Materials/PumpkinSoup.mat using Guid(2509116c685ee344da87ec569825fcc6) Importer(815301076,1909f56bfc062723c751e8b465ee728b)  -> (artifact id: '69950b17b4a6c37078b0bc4fc67790b0') in 0.008518 seconds 
========================================================================
Received Import Request.
  Time since last request: 0.000020 seconds.
  path: Assets/Models/Materials/CaptainCard.mat
  artifactKey: Guid(7d102dc548c4b1746b47331e116fc446) Importer(815301076,1909f56bfc062723c751e8b465ee728b)
Start importing Assets/Models/Materials/CaptainCard.mat using Guid(7d102dc548c4b1746b47331e116fc446) Importer(815301076,1909f56bfc062723c751e8b465ee728b)  -> (artifact id: 'bd43dd88ac7b658c0aa549f708800bf8') in 0.007026 seconds 
========================================================================
Received Import Request.
  Time since last request: 0.000021 seconds.
  path: Assets/Models/Materials/DarkwalkerCard_Foil.mat
  artifactKey: Guid(7631030a3d42724418706cfd46f5263d) Importer(815301076,1909f56bfc062723c751e8b465ee728b)
Start importing Assets/Models/Materials/DarkwalkerCard_Foil.mat using Guid(7631030a3d42724418706cfd46f5263d) Importer(815301076,1909f56bfc062723c751e8b465ee728b)  -> (artifact id: '36fe5739b1d9aff71b13d0ede103b9da') in 0.008411 seconds 
========================================================================
Received Import Request.
  Time since last request: 0.000015 seconds.
  path: Assets/Models/Materials/TLDevCard.mat
  artifactKey: Guid(7f615f35ecdf33341874125629a5fa8d) Importer(815301076,1909f56bfc062723c751e8b465ee728b)
Start importing Assets/Models/Materials/TLDevCard.mat using Guid(7f615f35ecdf33341874125629a5fa8d) Importer(815301076,1909f56bfc062723c751e8b465ee728b)  -> (artifact id: 'db3c75abf635e0f41d07be0152ee804e') in 0.009580 seconds 
========================================================================
Received Import Request.
  Time since last request: 0.000023 seconds.
  path: Assets/Models/Materials/BearCard.mat
  artifactKey: Guid(c237d26ac221dfa4f9c08d40b1dd1ac7) Importer(815301076,1909f56bfc062723c751e8b465ee728b)
Start importing Assets/Models/Materials/BearCard.mat using Guid(c237d26ac221dfa4f9c08d40b1dd1ac7) Importer(815301076,1909f56bfc062723c751e8b465ee728b)  -> (artifact id: 'f1b1646088aa44ecdb9e09abe8ac2b24') in 0.006252 seconds 
========================================================================
Received Import Request.
  Time since last request: 0.000016 seconds.
  path: Assets/Models/Materials/CardBack_FoilPNG.mat
  artifactKey: Guid(bfe2f3f4a5d44bf48a1797556c0d86c3) Importer(815301076,1909f56bfc062723c751e8b465ee728b)
Start importing Assets/Models/Materials/CardBack_FoilPNG.mat using Guid(bfe2f3f4a5d44bf48a1797556c0d86c3) Importer(815301076,1909f56bfc062723c751e8b465ee728b)  -> (artifact id: '082bb889b92366d023afec11897a57fd') in 0.010118 seconds 
========================================================================
Received Import Request.
  Time since last request: 0.000018 seconds.
  path: Assets/Models/Materials/DarkwalkerCard.mat
  artifactKey: Guid(9e032a74b6c855648a6b72f102b76be9) Importer(815301076,1909f56bfc062723c751e8b465ee728b)
Start importing Assets/Models/Materials/DarkwalkerCard.mat using Guid(9e032a74b6c855648a6b72f102b76be9) Importer(815301076,1909f56bfc062723c751e8b465ee728b)  -> (artifact id: 'dcfa224aed1cde9361eeb97bade6bb55') in 0.006433 seconds 
========================================================================
Received Import Request.
  Time since last request: 0.000022 seconds.
  path: Assets/Models/Materials/CardBackPNG.mat
  artifactKey: Guid(11cfc8e661346c7448ebe2182e03f234) Importer(815301076,1909f56bfc062723c751e8b465ee728b)
Start importing Assets/Models/Materials/CardBackPNG.mat using Guid(11cfc8e661346c7448ebe2182e03f234) Importer(815301076,1909f56bfc062723c751e8b465ee728b)  -> (artifact id: '65906526f08559ea4b15b022b6f09f17') in 0.007036 seconds 
========================================================================
Received Import Request.
  Time since last request: 0.000014 seconds.
  path: Assets/Models/Materials/ConemanCard.mat
  artifactKey: Guid(f083077e58c2dc746a6a523ac4b8c9a6) Importer(815301076,1909f56bfc062723c751e8b465ee728b)
Start importing Assets/Models/Materials/ConemanCard.mat using Guid(f083077e58c2dc746a6a523ac4b8c9a6) Importer(815301076,1909f56bfc062723c751e8b465ee728b)  -> (artifact id: '454fa4a25e543b72010b87d57d405f10') in 0.006162 seconds 
Editor requested this worker to shutdown with reason: Scaling down because of idle timeout
AssetImportWorker is now disconnected from the server
Process exiting
Exiting without the bug reporter. Application will terminate with return code 0