Using pre-set license
Built from '2021.3/staging' branch; Version is '2021.3.22f1 (b6c551784ba3) revision 11978065'; Using compiler version '192829333'; Build Type 'Release'
OS: 'Windows 10  (10.0.19045) 64bit Core' Language: 'el' Physical Memory: 49067 MB
BatchMode: 1, IsHumanControllingUs: 0, StartBugReporterOnCrash: 0, Is64bit: 1, IsPro: 1

COMMAND LINE ARGUMENTS:
C:\Program Files\Unity\Hub\Editor\2021.3.22f1\Editor\Unity.exe
-adb2
-batchMode
-noUpm
-name
AssetImportWorker1
-projectPath
C:/Users/PC/Desktop/My mods/CollectorCards/Unity
-logFile
Logs/AssetImportWorker1.log
-srvPort
65268
Successfully changed project path to: C:/Users/PC/Desktop/My mods/CollectorCards/Unity
C:/Users/PC/Desktop/My mods/CollectorCards/Unity
[UnityMemory] Configuration Parameters - Can be set up in boot.config
    "memorysetup-bucket-allocator-granularity=16"
    "memorysetup-bucket-allocator-bucket-count=8"
    "memorysetup-bucket-allocator-block-size=33554432"
    "memorysetup-bucket-allocator-block-count=8"
    "memorysetup-main-allocator-block-size=16777216"
    "memorysetup-thread-allocator-block-size=16777216"
    "memorysetup-gfx-main-allocator-block-size=16777216"
    "memorysetup-gfx-thread-allocator-block-size=16777216"
    "memorysetup-cache-allocator-block-size=4194304"
    "memorysetup-typetree-allocator-block-size=2097152"
    "memorysetup-profiler-bucket-allocator-granularity=16"
    "memorysetup-profiler-bucket-allocator-bucket-count=8"
    "memorysetup-profiler-bucket-allocator-block-size=33554432"
    "memorysetup-profiler-bucket-allocator-block-count=8"
    "memorysetup-profiler-allocator-block-size=16777216"
    "memorysetup-profiler-editor-allocator-block-size=1048576"
    "memorysetup-temp-allocator-size-main=16777216"
    "memorysetup-job-temp-allocator-block-size=2097152"
    "memorysetup-job-temp-allocator-block-size-background=1048576"
    "memorysetup-job-temp-allocator-reduction-small-platforms=262144"
    "memorysetup-temp-allocator-size-background-worker=32768"
    "memorysetup-temp-allocator-size-job-worker=262144"
    "memorysetup-temp-allocator-size-preload-manager=33554432"
    "memorysetup-temp-allocator-size-nav-mesh-worker=65536"
    "memorysetup-temp-allocator-size-audio-worker=65536"
    "memorysetup-temp-allocator-size-cloud-worker=32768"
    "memorysetup-temp-allocator-size-gi-baking-worker=262144"
    "memorysetup-temp-allocator-size-gfx=262144"
Player connection [44960] Host "[IP] 192.168.1.2 [Port] 0 [Flags] 2 [Guid] 3533129711 [EditorId] 3533129711 [Version] 1048832 [Id] WindowsEditor(7,DESKTOP-URB4F4A) [Debug] 1 [PackageName] WindowsEditor [ProjectName] Editor" joined multi-casting on [225.0.0.222:54997]...

Player connection [44960] Host "[IP] 192.168.1.2 [Port] 0 [Flags] 2 [Guid] 3533129711 [EditorId] 3533129711 [Version] 1048832 [Id] WindowsEditor(7,DESKTOP-URB4F4A) [Debug] 1 [PackageName] WindowsEditor [ProjectName] Editor" joined alternative multi-casting on [225.0.0.222:34997]...

Refreshing native plugins compatible for Editor in 90.60 ms, found 3 plugins.
Preloading 0 native plugins for Editor in 0.00 ms.
Initialize engine version: 2021.3.22f1 (b6c551784ba3)
[Subsystems] Discovering subsystems at path C:/Program Files/Unity/Hub/Editor/2021.3.22f1/Editor/Data/Resources/UnitySubsystems
[Subsystems] Discovering subsystems at path C:/Users/PC/Desktop/My mods/CollectorCards/Unity/Assets
GfxDevice: creating device client; threaded=0; jobified=0
Direct3D:
    Version:  Direct3D 11.0 [level 11.1]
    Renderer: NVIDIA GeForce RTX 3080 (ID=0x2206)
    Vendor:   NVIDIA
    VRAM:     10067 MB
    Driver:   31.0.15.3742
Initialize mono
Mono path[0] = 'C:/Program Files/Unity/Hub/Editor/2021.3.22f1/Editor/Data/Managed'
Mono path[1] = 'C:/Program Files/Unity/Hub/Editor/2021.3.22f1/Editor/Data/MonoBleedingEdge/lib/mono/unityjit-win32'
Mono config path = 'C:/Program Files/Unity/Hub/Editor/2021.3.22f1/Editor/Data/MonoBleedingEdge/etc'
Using monoOptions --debugger-agent=transport=dt_socket,embedding=1,server=y,suspend=n,address=127.0.0.1:56988
Begin MonoManager ReloadAssembly
Registering precompiled unity dll's ...
Register platform support module: C:/Program Files/Unity/Hub/Editor/2021.3.22f1/Editor/Data/PlaybackEngines/WebGLSupport/UnityEditor.WebGL.Extensions.dll
Register platform support module: C:/Program Files/Unity/Hub/Editor/2021.3.22f1/Editor/Data/PlaybackEngines/WindowsStandaloneSupport/UnityEditor.WindowsStandalone.Extensions.dll
Registered in 0.011308 seconds.
Native extension for WindowsStandalone target not found
Native extension for WebGL target not found
Refreshing native plugins compatible for Editor in 86.82 ms, found 3 plugins.
Preloading 0 native plugins for Editor in 0.00 ms.
Mono: successfully reloaded assembly
- Completed reload, in  0.641 seconds
Domain Reload Profiling:
	ReloadAssembly (642ms)
		BeginReloadAssembly (91ms)
			ExecutionOrderSort (0ms)
			DisableScriptedObjects (0ms)
			BackupInstance (0ms)
			ReleaseScriptingObjects (0ms)
			CreateAndSetChildDomain (1ms)
		EndReloadAssembly (448ms)
			LoadAssemblies (88ms)
			RebuildTransferFunctionScriptingTraits (0ms)
			SetupTypeCache (97ms)
			ReleaseScriptCaches (0ms)
			RebuildScriptCaches (27ms)
			SetupLoadedEditorAssemblies (275ms)
				LogAssemblyErrors (0ms)
				InitializePlatformSupportModulesInManaged (10ms)
				SetLoadedEditorAssemblies (0ms)
				RefreshPlugins (87ms)
				BeforeProcessingInitializeOnLoad (1ms)
				ProcessInitializeOnLoadAttributes (134ms)
				ProcessInitializeOnLoadMethodAttributes (42ms)
				AfterProcessingInitializeOnLoad (0ms)
				EditorAssembliesLoaded (0ms)
			ExecutionOrderSort2 (0ms)
			AwakeInstancesAfterBackupRestoration (0ms)
Platform modules already initialized, skipping
Registering precompiled user dll's ...
Registered in 0.006470 seconds.
Begin MonoManager ReloadAssembly
Symbol file LoadedFromMemory doesn't match image C:\Users\PC\Desktop\My mods\CollectorCards\Unity\Library\PackageCache\com.unity.visualscripting@1.8.0\Editor\VisualScripting.Core\Dependencies\YamlDotNet\Unity.VisualScripting.YamlDotNet.dll
Symbol file LoadedFromMemory doesn't match image C:\Users\PC\Desktop\My mods\CollectorCards\Unity\Library\PackageCache\com.unity.visualscripting@1.8.0\Editor\VisualScripting.Core\Dependencies\DotNetZip\Unity.VisualScripting.IonicZip.dll
Native extension for WindowsStandalone target not found
Native extension for WebGL target not found
Refreshing native plugins compatible for Editor in 0.46 ms, found 3 plugins.
Preloading 0 native plugins for Editor in 0.00 ms.
Mono: successfully reloaded assembly
- Completed reload, in  1.063 seconds
Domain Reload Profiling:
	ReloadAssembly (1064ms)
		BeginReloadAssembly (120ms)
			ExecutionOrderSort (0ms)
			DisableScriptedObjects (5ms)
			BackupInstance (0ms)
			ReleaseScriptingObjects (0ms)
			CreateAndSetChildDomain (18ms)
		EndReloadAssembly (840ms)
			LoadAssemblies (93ms)
			RebuildTransferFunctionScriptingTraits (0ms)
			SetupTypeCache (271ms)
			ReleaseScriptCaches (1ms)
			RebuildScriptCaches (52ms)
			SetupLoadedEditorAssemblies (400ms)
				LogAssemblyErrors (0ms)
				InitializePlatformSupportModulesInManaged (8ms)
				SetLoadedEditorAssemblies (0ms)
				RefreshPlugins (1ms)
				BeforeProcessingInitializeOnLoad (98ms)
				ProcessInitializeOnLoadAttributes (262ms)
				ProcessInitializeOnLoadMethodAttributes (20ms)
				AfterProcessingInitializeOnLoad (11ms)
				EditorAssembliesLoaded (0ms)
			ExecutionOrderSort2 (0ms)
			AwakeInstancesAfterBackupRestoration (7ms)
Platform modules already initialized, skipping
========================================================================
Worker process is ready to serve import requests
Launched and connected shader compiler UnityShaderCompiler.exe after 0.05 seconds
Refreshing native plugins compatible for Editor in 0.49 ms, found 3 plugins.
Preloading 0 native plugins for Editor in 0.00 ms.
Unloading 3540 Unused Serialized files (Serialized files now loaded: 0)
Unloading 24 unused Assets / (113.3 KB). Loaded Objects now: 4002.
Memory consumption went from 122.8 MB to 122.7 MB.
Total: 2.962600 ms (FindLiveObjects: 0.266800 ms CreateObjectMapping: 0.203000 ms MarkObjects: 2.401900 ms  DeleteObjects: 0.090200 ms)

AssetImportParameters requested are different than current active one (requested -> active):
  custom:video-decoder-ogg-theora: a1e56fd34408186e4bbccfd4996cb3dc -> 
  custom:container-muxer-webm: aa71ff27fc2769a1b78a27578f13a17b -> 
  custom:container-demuxer-webm: 4f35f7cbe854078d1ac9338744f61a02 -> 
  custom:video-encoder-webm-vp8: eb34c28f22e8b96e1ab97ce403110664 -> 
  custom:audio-encoder-webm-vorbis: bf7c407c2cedff20999df2af8eb42d56 -> 
  custom:framework-win-MediaFoundation: 216162199b28c13a410421893ffa2e32 -> 
  custom:container-demuxer-ogg: 62fdf1f143b41e24485cea50d1cbac27 -> 
  custom:video-decoder-webm-vp8: 9c59270c3fd7afecdb556c50c9e8de78 -> 
  custom:audio-decoder-ogg-vorbis: bf7c407c2cedff20999df2af8eb42d56 -> 
========================================================================
Received Import Request.
  Time since last request: 227216.970661 seconds.
  path: Assets/AddressableAssetsData/AssetGroups/CollectorCards.asset
  artifactKey: Guid(d1133751bc2b46147b4bff8a8b00d574) Importer(815301076,1909f56bfc062723c751e8b465ee728b)
Start importing Assets/AddressableAssetsData/AssetGroups/CollectorCards.asset using Guid(d1133751bc2b46147b4bff8a8b00d574) Importer(815301076,1909f56bfc062723c751e8b465ee728b)  -> (artifact id: '53a27f7b0ac628251e53037dbe403206') in 0.041924 seconds 
========================================================================
Received Import Request.
  Time since last request: 535.037139 seconds.
  path: Assets/Prefabs/GEAR_BananaCard.prefab
  artifactKey: Guid(17b8525dea952c44eb7ee2ce4ac81dce) Importer(815301076,1909f56bfc062723c751e8b465ee728b)
Start importing Assets/Prefabs/GEAR_BananaCard.prefab using Guid(17b8525dea952c44eb7ee2ce4ac81dce) Importer(815301076,1909f56bfc062723c751e8b465ee728b)  -> (artifact id: 'c0a8f5193dde4fd595f35049ba4427ad') in 0.086727 seconds 
========================================================================
Received Import Request.
  Time since last request: 1175.456501 seconds.
  path: Assets/InventoryGridIcons/ico_GearItem__ccBananaFoilCard.png
  artifactKey: Guid(18134a4bdaceacb4f959acc1592d553c) Importer(815301076,1909f56bfc062723c751e8b465ee728b)
Start importing Assets/InventoryGridIcons/ico_GearItem__ccBananaFoilCard.png using Guid(18134a4bdaceacb4f959acc1592d553c) Importer(815301076,1909f56bfc062723c751e8b465ee728b)  -> (artifact id: '912860c54f011fec70266b4caa7a2139') in 0.069109 seconds 
========================================================================
Received Import Request.
  Time since last request: 0.000063 seconds.
  path: Assets/InventoryGridIcons/ico_GearItem__ccDarkwalkerCard.png
  artifactKey: Guid(e1576e961aa38784594e256f3c300511) Importer(815301076,1909f56bfc062723c751e8b465ee728b)
Start importing Assets/InventoryGridIcons/ico_GearItem__ccDarkwalkerCard.png using Guid(e1576e961aa38784594e256f3c300511) Importer(815301076,1909f56bfc062723c751e8b465ee728b)  -> (artifact id: 'bb1ba883f2f1e6d63e2d5fdcdb262ee5') in 0.015779 seconds 
========================================================================
Received Import Request.
  Time since last request: 0.000027 seconds.
  path: Assets/InventoryGridIcons/ico_GearItem__ccOldBearCard.png
  artifactKey: Guid(67e540c8fcd964745b94e042855290f0) Importer(815301076,1909f56bfc062723c751e8b465ee728b)
Start importing Assets/InventoryGridIcons/ico_GearItem__ccOldBearCard.png using Guid(67e540c8fcd964745b94e042855290f0) Importer(815301076,1909f56bfc062723c751e8b465ee728b)  -> (artifact id: '9950e04da1aa830e4485001a9983627d') in 0.015445 seconds 
========================================================================
Received Import Request.
  Time since last request: 0.000028 seconds.
  path: Assets/InventoryGridIcons/ico_GearItem__ccCaptainCard.png
  artifactKey: Guid(3c43d55f0a5f78a409e05872bd92a002) Importer(815301076,1909f56bfc062723c751e8b465ee728b)
Start importing Assets/InventoryGridIcons/ico_GearItem__ccCaptainCard.png using Guid(3c43d55f0a5f78a409e05872bd92a002) Importer(815301076,1909f56bfc062723c751e8b465ee728b)  -> (artifact id: '4723e8114add903a552bf6947c9e80ab') in 0.010288 seconds 
========================================================================
Received Import Request.
  Time since last request: 0.000028 seconds.
  path: Assets/InventoryGridIcons/ico_GearItem__ccRifleCard.png
  artifactKey: Guid(e47b1814a92fea4409bfe988b6a02daa) Importer(815301076,1909f56bfc062723c751e8b465ee728b)
Start importing Assets/InventoryGridIcons/ico_GearItem__ccRifleCard.png using Guid(e47b1814a92fea4409bfe988b6a02daa) Importer(815301076,1909f56bfc062723c751e8b465ee728b)  -> (artifact id: '4fe36ab424330ce803c2dc84ebb7843e') in 0.009351 seconds 
========================================================================
Received Import Request.
  Time since last request: 10.242749 seconds.
  path: Assets/InventoryGridIcons/ico_GearItem__ccBearCard.png
  artifactKey: Guid(5dd91d13a86786144b5ac61295a7d0b8) Importer(815301076,1909f56bfc062723c751e8b465ee728b)
Start importing Assets/InventoryGridIcons/ico_GearItem__ccBearCard.png using Guid(5dd91d13a86786144b5ac61295a7d0b8) Importer(815301076,1909f56bfc062723c751e8b465ee728b)  -> (artifact id: '2d872c8086f31c3a10a51da273b76ac7') in 0.086689 seconds 
========================================================================
Received Import Request.
  Time since last request: 0.000032 seconds.
  path: Assets/InventoryGridIcons/ico_GearItem__ccDarkwalkerCard.png
  artifactKey: Guid(e1576e961aa38784594e256f3c300511) Importer(815301076,1909f56bfc062723c751e8b465ee728b)
Start importing Assets/InventoryGridIcons/ico_GearItem__ccDarkwalkerCard.png using Guid(e1576e961aa38784594e256f3c300511) Importer(815301076,1909f56bfc062723c751e8b465ee728b)  -> (artifact id: '0e2deca1d5ff4fe194c72fde25966ee8') in 0.007804 seconds 
========================================================================
Received Import Request.
  Time since last request: 0.000020 seconds.
  path: Assets/InventoryGridIcons/ico_GearItem__ccOldBearCard.png
  artifactKey: Guid(67e540c8fcd964745b94e042855290f0) Importer(815301076,1909f56bfc062723c751e8b465ee728b)
Start importing Assets/InventoryGridIcons/ico_GearItem__ccOldBearCard.png using Guid(67e540c8fcd964745b94e042855290f0) Importer(815301076,1909f56bfc062723c751e8b465ee728b)  -> (artifact id: '5cf00f73e0543c38a9b5b8f5cfc319ee') in 0.010423 seconds 
========================================================================
Received Import Request.
  Time since last request: 0.000020 seconds.
  path: Assets/InventoryGridIcons/ico_GearItem__ccRifleCard.png
  artifactKey: Guid(e47b1814a92fea4409bfe988b6a02daa) Importer(815301076,1909f56bfc062723c751e8b465ee728b)
Start importing Assets/InventoryGridIcons/ico_GearItem__ccRifleCard.png using Guid(e47b1814a92fea4409bfe988b6a02daa) Importer(815301076,1909f56bfc062723c751e8b465ee728b)  -> (artifact id: 'ff1e982a03977dfec0532a8c61b7b018') in 0.006929 seconds 
========================================================================
Received Import Request.
  Time since last request: 382.354850 seconds.
  path: Assets/InventoryGridIcons/ico_GearItem__ccTLDevCard.png
  artifactKey: Guid(fc7682b0b53f8ef4c8833108ae3b43ea) Importer(815301076,1909f56bfc062723c751e8b465ee728b)
Start importing Assets/InventoryGridIcons/ico_GearItem__ccTLDevCard.png using Guid(fc7682b0b53f8ef4c8833108ae3b43ea) Importer(815301076,1909f56bfc062723c751e8b465ee728b)  -> (artifact id: '677e0681200208d725d3fe8df0e040d7') in 0.011327 seconds 
